<?xml version="1.0" encoding="UTF-8"?>
<testsuite name="Place an order service" tests="1" skipped="0" failures="0" errors="0" timestamp="2021-08-30T22:46:40" hostname="DESKTOP-BURJ5VJ" time="4.274">
  <properties/>
  <testcase name="Successful order for a pet" classname="Place an order service" time="4.274"/>
  <system-out><![CDATA[HTTP/1.1 200 OK
Date: Mon, 30 Aug 2021 22:46:43 GMT
Content-Type: application/json
Transfer-Encoding: chunked
Connection: keep-alive
Access-Control-Allow-Origin: *
Access-Control-Allow-Methods: GET, POST, DELETE, PUT
Access-Control-Allow-Headers: Content-Type, api_key, Authorization
Server: Jetty(9.2.9.v20150224)

{
    "id": 258,
    "petId": 248,
    "quantity": 82,
    "shipDate": "2021-08-30T01:27:58.820+0000",
    "status": "placed",
    "complete": true
}
]]></system-out>
  <system-err><![CDATA[[Test worker] INFO net.thucydides.core.steps.ConsoleLoggingListener - 
        __    _____ _____ ____ _____   ____   _    ____  ____  _____ ____  
  _     \ \  |_   _| ____/ ___|_   _| |  _ \ / \  / ___|/ ___|| ____|  _ \ 
 (_)_____| |   | | |  _| \___ \ | |   | |_) / _ \ \___ \\___ \|  _| | | | |
  _|_____| |   | | | |___ ___) || |   |  __/ ___ \ ___) |___) | |___| |_| |
 (_)     | |   |_| |_____|____/ |_|   |_| /_/   \_\____/|____/|_____|____/ 
        /_/                                                                

TEST PASSED: Successful order for a pet
----------------------------------------------------------------------------
]]></system-err>
</testsuite>
